2022-07-19 11:15:01,088 - __main__ - INFO - Token value: Token not available!
2022-07-19 11:15:01,760 - __main__ - INFO - Weather in Berlin: 30.32
2022-07-19 10:09:58,525 - __main__ - INFO - Token value: 1234
2022-07-19 10:09:58,949 - __main__ - INFO - Weather in Berlin: 32.56
2022-07-19 12:17:50,405 - __main__ - INFO - Token value: 1234
2022-07-19 12:17:50,875 - __main__ - INFO - Weather in Berlin: 33.66
2022-07-19 14:09:00,868 - __main__ - INFO - Token value: 1234
2022-07-19 14:09:01,435 - __main__ - INFO - Weather in Berlin: 34.86
2022-07-19 16:12:16,906 - __main__ - INFO - Token value: 1234
2022-07-19 16:12:17,306 - __main__ - INFO - Weather in Berlin: 34.28
2022-07-19 18:10:53,682 - __main__ - INFO - Token value: 1234
2022-07-19 18:10:53,844 - __main__ - INFO - Weather in Berlin: 31.9
2022-07-19 20:09:35,027 - __main__ - INFO - Token value: 1234
2022-07-19 20:09:35,139 - __main__ - INFO - Weather in Berlin: 27.52
2022-07-19 22:09:04,334 - __main__ - INFO - Token value: 1234
2022-07-19 22:09:04,912 - __main__ - INFO - Weather in Berlin: 25.4
2022-07-20 00:46:12,649 - __main__ - INFO - Token value: 1234
2022-07-20 00:46:13,296 - __main__ - INFO - Weather in Berlin: 24.18
2022-07-20 03:36:18,748 - __main__ - INFO - Token value: 1234
2022-07-20 03:36:18,916 - __main__ - INFO - Weather in Berlin: 22.12
2022-07-20 04:30:43,477 - __main__ - INFO - Token value: 1234
2022-07-20 04:30:43,776 - __main__ - INFO - Weather in Berlin: 21.64
2022-07-20 06:11:40,340 - __main__ - INFO - Token value: 1234
2022-07-20 06:11:41,194 - __main__ - INFO - Weather in Berlin: 24.95
2022-07-20 08:12:25,109 - __main__ - INFO - Token value: 1234
2022-07-20 08:12:25,397 - __main__ - INFO - Weather in Berlin: 30.85
2022-07-20 10:09:27,874 - __main__ - INFO - Token value: 1234
2022-07-20 10:09:28,041 - __main__ - INFO - Weather in Berlin: 35.42
2022-07-20 12:16:14,801 - __main__ - INFO - Token value: 1234
2022-07-20 12:16:15,447 - __main__ - INFO - Weather in Berlin: 36.64
2022-07-20 14:10:42,143 - __main__ - INFO - Token value: 1234
2022-07-20 14:10:42,285 - __main__ - INFO - Weather in Berlin: 37.34
2022-07-20 16:11:32,101 - __main__ - INFO - Token value: 1234
2022-07-20 16:11:32,270 - __main__ - INFO - Weather in Berlin: 36.32
2022-07-20 18:11:08,871 - __main__ - INFO - Token value: 1234
2022-07-20 18:11:09,450 - __main__ - INFO - Weather in Berlin: 35.75
2022-07-20 20:10:07,208 - __main__ - INFO - Token value: 1234
2022-07-20 20:10:07,807 - __main__ - INFO - Weather in Berlin: 29.16
2022-07-20 22:08:32,880 - __main__ - INFO - Token value: 1234
2022-07-20 22:08:33,309 - __main__ - INFO - Weather in Berlin: 27.72
2022-07-21 00:51:04,670 - __main__ - INFO - Token value: 1234
2022-07-21 00:51:04,945 - __main__ - INFO - Weather in Berlin: 25.62
2022-07-21 03:32:21,183 - __main__ - INFO - Token value: 1234
2022-07-21 03:32:21,622 - __main__ - INFO - Weather in Berlin: 24.17
2022-07-21 04:33:49,059 - __main__ - INFO - Token value: 1234
2022-07-21 04:33:49,712 - __main__ - INFO - Weather in Berlin: 23.8
2022-07-21 06:11:40,676 - __main__ - INFO - Token value: 1234
2022-07-21 06:11:41,078 - __main__ - INFO - Weather in Berlin: 24.1
2022-07-21 08:11:51,774 - __main__ - INFO - Token value: 1234
2022-07-21 08:11:51,925 - __main__ - INFO - Weather in Berlin: 26.61
2022-07-21 10:10:48,231 - __main__ - INFO - Token value: 1234
2022-07-21 10:10:48,658 - __main__ - INFO - Weather in Berlin: 29.39
2022-07-21 12:16:51,452 - __main__ - INFO - Token value: 1234
2022-07-21 12:16:52,210 - __main__ - INFO - Weather in Berlin: 29.02
2022-07-21 14:10:13,059 - __main__ - INFO - Token value: 1234
2022-07-21 14:10:13,760 - __main__ - INFO - Weather in Berlin: 24.62
2022-07-21 16:11:48,481 - __main__ - INFO - Token value: 1234
2022-07-21 16:11:49,254 - __main__ - INFO - Weather in Berlin: 24.51
2022-07-21 18:11:19,590 - __main__ - INFO - Token value: 1234
2022-07-21 18:11:19,965 - __main__ - INFO - Weather in Berlin: 25.79
2022-07-21 20:10:30,244 - __main__ - INFO - Token value: 1234
2022-07-21 20:10:30,328 - __main__ - INFO - Weather in Berlin: 22.77
2022-07-25 00:44:39,700 - __main__ - INFO - Token value: 1234
2022-07-25 00:44:40,082 - __main__ - INFO - Weather in Berlin: 19.9
2022-08-01 00:54:12,206 - __main__ - INFO - Token value: 1234
2022-08-01 00:54:12,694 - __main__ - INFO - Weather in Berlin: 20.23
2022-08-08 00:40:42,506 - __main__ - INFO - Token value: 1234
2022-08-08 00:40:42,610 - __main__ - INFO - Weather in Berlin: 16.92
2022-08-15 00:44:48,218 - __main__ - INFO - Token value: 1234
2022-08-15 00:44:48,828 - __main__ - INFO - Weather in Berlin: 22.05
2022-08-22 00:46:22,483 - __main__ - INFO - Token value: 1234
2022-08-22 00:46:22,604 - __main__ - INFO - Weather in Berlin: 16.54
2022-08-29 00:51:03,885 - __main__ - INFO - Token value: 1234
2022-08-29 00:51:04,463 - __main__ - INFO - Weather in Berlin: 13.61
2022-09-05 00:54:44,539 - __main__ - INFO - Token value: 1234
2022-09-05 00:54:45,065 - __main__ - INFO - Weather in Berlin: 15.8
2022-09-12 00:48:56,255 - __main__ - INFO - Token value: 1234
2022-09-12 00:48:56,362 - __main__ - INFO - Weather in Berlin: 12.68
2022-09-19 00:51:28,986 - __main__ - INFO - Token value: 1234
2022-09-19 00:51:29,073 - __main__ - INFO - Weather in Berlin: 8.79
2022-09-26 00:54:36,285 - __main__ - INFO - Token value: 1234
2022-09-26 00:54:36,670 - __main__ - INFO - Weather in Berlin: 11.75
2022-10-03 00:53:53,511 - __main__ - INFO - Token value: 1234
2022-10-03 00:53:54,115 - __main__ - INFO - Weather in Berlin: 11.07
2022-10-10 00:59:22,592 - __main__ - INFO - Token value: 1234
2022-10-10 00:59:22,684 - __main__ - INFO - Weather in Berlin: 7.73
2022-10-17 01:03:34,041 - __main__ - INFO - Token value: 1234
2022-10-17 01:03:34,808 - __main__ - INFO - Weather in Berlin: 13.02
2022-10-24 01:05:23,964 - __main__ - INFO - Token value: 1234
2022-10-24 01:05:24,197 - __main__ - INFO - Weather in Berlin: 13.27
2022-10-31 00:56:50,347 - __main__ - INFO - Token value: 1234
2022-10-31 00:56:50,781 - __main__ - INFO - Weather in Berlin: 13.45
2022-11-07 00:46:30,914 - __main__ - INFO - Token value: 1234
2022-11-07 00:46:31,482 - __main__ - INFO - Weather in Berlin: 6.9
2022-11-14 00:42:53,014 - __main__ - INFO - Token value: 1234
2022-11-14 00:42:53,136 - __main__ - INFO - Weather in Berlin: 6.58
2022-11-21 00:44:54,383 - __main__ - INFO - Token value: 1234
2022-11-21 00:44:54,891 - __main__ - INFO - Weather in Berlin: -1.89
2022-11-28 00:38:10,868 - __main__ - INFO - Token value: 1234
2022-11-28 00:38:10,962 - __main__ - INFO - Weather in Berlin: 4.03
2022-12-05 00:37:36,747 - __main__ - INFO - Token value: 1234
2022-12-05 00:37:37,346 - __main__ - INFO - Weather in Berlin: 2.48
2022-12-12 00:40:48,194 - __main__ - INFO - Token value: 1234
2022-12-12 00:40:48,347 - __main__ - INFO - Weather in Berlin: -1.51
2022-12-19 00:34:22,668 - __main__ - INFO - Token value: 1234
2022-12-19 00:34:23,349 - __main__ - INFO - Weather in Berlin: -4.73
2022-12-26 00:37:57,455 - __main__ - INFO - Token value: 1234
2022-12-26 00:37:58,555 - __main__ - INFO - Weather in Berlin: 8.58
2023-01-02 00:37:45,571 - __main__ - INFO - Token value: 1234
2023-01-02 00:37:46,198 - __main__ - INFO - Weather in Berlin: 11.86
2023-01-09 00:37:48,669 - __main__ - INFO - Token value: 1234
2023-01-09 00:37:49,006 - __main__ - INFO - Weather in Berlin: 5.01
2023-01-16 00:38:39,973 - __main__ - INFO - Token value: 1234
2023-01-16 00:38:40,358 - __main__ - INFO - Weather in Berlin: 4.9
2023-01-23 00:37:11,897 - __main__ - INFO - Token value: 1234
2023-01-23 00:37:12,431 - __main__ - INFO - Weather in Berlin: 1.65
2023-01-30 00:35:30,776 - __main__ - INFO - Token value: 1234
2023-01-30 00:35:31,351 - __main__ - INFO - Weather in Berlin: 1.63
2023-02-06 00:37:40,919 - __main__ - INFO - Token value: 1234
2023-02-06 00:37:41,397 - __main__ - INFO - Weather in Berlin: -2.01
2023-02-13 00:41:55,645 - __main__ - INFO - Token value: 1234
2023-02-13 00:41:56,334 - __main__ - INFO - Weather in Berlin: 7.16
2023-02-20 00:42:40,136 - __main__ - INFO - Token value: 1234
2023-02-20 00:42:40,714 - __main__ - INFO - Weather in Berlin: 2.39
2023-02-27 00:41:12,914 - __main__ - INFO - Token value: 1234
2023-02-27 00:41:13,506 - __main__ - INFO - Weather in Berlin: -1.34
2023-03-06 00:41:41,381 - __main__ - INFO - Token value: 1234
2023-03-06 00:41:41,518 - __main__ - INFO - Weather in Berlin: 0.94
2023-03-13 00:39:58,538 - __main__ - INFO - Token value: 1234
2023-03-13 00:39:58,984 - __main__ - INFO - Weather in Berlin: 5.94
2023-03-20 00:40:52,346 - __main__ - INFO - Token value: 1234
2023-03-20 00:40:52,864 - __main__ - INFO - Weather in Berlin: 10.36
2023-03-27 00:37:03,135 - __main__ - INFO - Token value: 1234
2023-03-27 00:37:03,579 - __main__ - INFO - Weather in Berlin: 4.49
2023-04-03 00:37:03,535 - __main__ - INFO - Token value: 1234
2023-04-03 00:37:03,887 - __main__ - INFO - Weather in Berlin: 1.06
2023-04-10 00:36:03,126 - __main__ - INFO - Token value: 1234
2023-04-10 00:36:03,601 - __main__ - INFO - Weather in Berlin: 6.65
2023-04-17 00:38:11,628 - __main__ - INFO - Token value: 1234
2023-04-17 00:38:11,958 - __main__ - INFO - Weather in Berlin: 7.47
2023-04-24 00:37:25,968 - __main__ - INFO - Token value: 1234
2023-04-24 00:37:26,548 - __main__ - INFO - Weather in Berlin: 11.24
2023-05-01 00:38:28,593 - __main__ - INFO - Token value: 1234
2023-05-01 00:38:29,237 - __main__ - INFO - Weather in Berlin: 4.74
2023-05-08 00:35:59,553 - __main__ - INFO - Token value: 1234
2023-05-08 00:36:00,012 - __main__ - INFO - Weather in Berlin: 8.12
2023-05-15 00:37:43,779 - __main__ - INFO - Token value: 1234
2023-05-15 00:37:44,323 - __main__ - INFO - Weather in Berlin: 13.01
2023-05-22 00:38:44,183 - __main__ - INFO - Token value: 1234
2023-05-22 00:38:44,825 - __main__ - INFO - Weather in Berlin: 18.93
2023-05-29 00:38:32,685 - __main__ - INFO - Token value: 1234
2023-05-29 00:38:33,317 - __main__ - INFO - Weather in Berlin: 13.49
2023-06-05 00:42:16,214 - __main__ - INFO - Token value: 1234
2023-06-05 00:42:16,354 - __main__ - INFO - Weather in Berlin: 12.54
2023-06-12 00:44:40,761 - __main__ - INFO - Token value: 1234
2023-06-12 00:44:41,287 - __main__ - INFO - Weather in Berlin: 17.95
2023-06-19 00:41:31,896 - __main__ - INFO - Token value: 1234
2023-06-19 00:41:32,077 - __main__ - INFO - Weather in Berlin: 17.46
2023-06-26 00:48:35,778 - __main__ - INFO - Token value: 1234
2023-06-26 00:48:35,965 - __main__ - INFO - Weather in Berlin: 19.96
2023-07-03 00:47:50,515 - __main__ - INFO - Token value: 1234
2023-07-03 00:47:51,503 - __main__ - INFO - Weather in Berlin: 14.82
2023-07-10 00:47:49,548 - __main__ - INFO - Token value: 1234
2023-07-10 00:47:50,169 - __main__ - INFO - Weather in Berlin: 21.4
2023-07-17 00:50:57,487 - __main__ - INFO - Token value: 1234
2023-07-17 00:50:58,057 - __main__ - INFO - Weather in Berlin: 17.68
2023-07-24 00:41:28,744 - __main__ - INFO - Token value: 1234
2023-07-24 00:41:29,341 - __main__ - INFO - Weather in Berlin: 19.18
2023-07-31 00:41:40,366 - __main__ - INFO - Token value: 1234
2023-07-31 00:41:40,950 - __main__ - INFO - Weather in Berlin: 15.06
2023-08-07 00:39:33,017 - __main__ - INFO - Token value: 1234
2023-08-07 00:39:33,591 - __main__ - INFO - Weather in Berlin: 14.24
2023-08-14 00:32:09,980 - __main__ - INFO - Token value: 1234
2023-08-14 00:32:10,569 - __main__ - INFO - Weather in Berlin: 19.18
2023-08-21 00:31:40,538 - __main__ - INFO - Token value: 1234
2023-08-21 00:31:41,217 - __main__ - INFO - Weather in Berlin: 20.29
2023-08-28 00:32:45,300 - __main__ - INFO - Token value: 1234
2023-08-28 00:32:45,759 - __main__ - INFO - Weather in Berlin: 15.49
2023-09-04 00:32:51,578 - __main__ - INFO - Token value: 1234
2023-09-04 00:32:51,721 - __main__ - INFO - Weather in Berlin: 13.88
2023-09-11 00:33:02,029 - __main__ - INFO - Token value: 1234
2023-09-11 00:33:02,311 - __main__ - INFO - Weather in Berlin: 19.79
2023-09-18 00:33:08,034 - __main__ - INFO - Token value: 1234
2023-09-18 00:33:08,622 - __main__ - INFO - Weather in Berlin: 18.77
2023-09-25 00:33:31,589 - __main__ - INFO - Token value: 1234
2023-09-25 00:33:32,204 - __main__ - INFO - Weather in Berlin: 11.97
2023-10-02 00:33:45,247 - __main__ - INFO - Token value: 1234
2023-10-02 00:33:45,432 - __main__ - INFO - Weather in Berlin: 16.15
2023-10-09 00:33:46,073 - __main__ - INFO - Token value: 1234
2023-10-09 00:33:46,678 - __main__ - INFO - Weather in Berlin: 10.35
2023-10-16 00:34:12,581 - __main__ - INFO - Token value: 1234
2023-10-16 00:34:13,068 - __main__ - INFO - Weather in Berlin: 6.05
2023-10-23 00:33:38,346 - __main__ - INFO - Token value: 1234
2023-10-23 00:33:38,481 - __main__ - INFO - Weather in Berlin: 11.05
2023-10-30 00:34:04,551 - __main__ - INFO - Token value: 1234
2023-10-30 00:34:05,043 - __main__ - INFO - Weather in Berlin: 12.19
2023-11-06 00:34:49,810 - __main__ - INFO - Token value: 1234
2023-11-06 00:34:50,132 - __main__ - INFO - Weather in Berlin: 10.48
2023-11-13 00:35:20,583 - __main__ - INFO - Token value: 1234
2023-11-13 00:35:21,202 - __main__ - INFO - Weather in Berlin: 6.07
2023-11-20 00:36:06,535 - __main__ - INFO - Token value: 1234
2023-11-20 00:36:06,644 - __main__ - INFO - Weather in Berlin: 9.7
2023-11-27 00:35:44,273 - __main__ - INFO - Token value: 1234
2023-11-27 00:35:44,752 - __main__ - INFO - Weather in Berlin: -0.91
2023-12-04 00:36:12,963 - __main__ - INFO - Token value: 1234
2023-12-04 00:36:13,413 - __main__ - INFO - Weather in Berlin: -5.01
2023-12-11 00:36:36,877 - __main__ - INFO - Token value: 1234
2023-12-11 00:36:37,345 - __main__ - INFO - Weather in Berlin: 6.43
2023-12-18 00:36:39,535 - __main__ - INFO - Token value: 1234
2023-12-18 00:36:40,637 - __main__ - INFO - Weather in Berlin: 5.87
2023-12-25 00:35:57,463 - __main__ - INFO - Token value: 1234
2023-12-25 00:35:57,814 - __main__ - INFO - Weather in Berlin: 9.67
2024-01-01 00:39:23,702 - __main__ - INFO - Token value: 1234
2024-01-01 00:39:24,163 - __main__ - INFO - Weather in Berlin: 6.02
2024-01-08 00:36:53,575 - __main__ - INFO - Token value: 1234
2024-01-08 00:36:54,117 - __main__ - INFO - Weather in Berlin: -6.67
2024-01-15 00:37:53,460 - __main__ - INFO - Token value: 1234
2024-01-15 00:37:54,171 - __main__ - INFO - Weather in Berlin: 2.04
2024-01-22 00:38:04,182 - __main__ - INFO - Token value: 1234
2024-01-22 00:38:04,935 - __main__ - INFO - Weather in Berlin: 2.86
2024-01-29 00:34:00,850 - __main__ - INFO - Token value: 1234
2024-01-29 00:34:01,071 - __main__ - INFO - Weather in Berlin: 1.69
2024-02-05 00:35:06,109 - __main__ - INFO - Token value: 1234
2024-02-12 00:34:33,688 - __main__ - INFO - Token value: 1234
2024-02-16 15:24:43,043 - __main__ - INFO - Token value: 
2024-02-17 05:28:24,782 - __main__ - INFO - Token value: 
2024-02-18 05:28:49,478 - __main__ - INFO - Token value: 
2024-02-19 05:28:42,484 - __main__ - INFO - Token value: 
2024-02-20 05:31:12,750 - __main__ - INFO - Token value: 
2024-02-21 05:29:21,990 - __main__ - INFO - Token value: 
2024-02-22 05:29:13,934 - __main__ - INFO - Token value: 
2024-02-23 05:28:48,448 - __main__ - INFO - Token value: 
2024-02-24 05:30:05,480 - __main__ - INFO - Token value: 
2024-02-25 05:28:38,560 - __main__ - INFO - Token value: 
2024-02-26 05:28:38,874 - __main__ - INFO - Token value: 
2024-02-27 05:28:43,488 - __main__ - INFO - Token value: 
2024-02-28 05:28:58,967 - __main__ - INFO - Token value: 
2024-02-29 05:29:29,115 - __main__ - INFO - Token value: 
2024-03-01 05:28:44,365 - __main__ - INFO - Token value: 
2024-03-02 05:28:29,396 - __main__ - INFO - Token value: 
2024-03-03 05:29:13,411 - __main__ - INFO - Token value: 
2024-03-04 06:03:55,444 - __main__ - INFO - Token value: 
2024-03-05 05:28:11,585 - __main__ - INFO - Token value: 
2024-03-06 05:29:14,763 - __main__ - INFO - Token value: 
2024-03-07 05:28:23,670 - __main__ - INFO - Token value: 
2024-03-08 05:30:45,506 - __main__ - INFO - Token value: 
2024-03-09 05:30:40,555 - __main__ - INFO - Token value: 
2024-03-10 05:28:39,392 - __main__ - INFO - Token value: 
2024-03-11 05:29:32,955 - __main__ - INFO - Token value: 
2024-03-12 05:29:19,106 - __main__ - INFO - Token value: 
2024-03-13 05:30:26,882 - __main__ - INFO - Token value: 
2024-03-14 05:28:25,525 - __main__ - INFO - Token value: 
2024-03-15 05:29:02,812 - __main__ - INFO - Token value: 
2024-03-16 05:29:02,551 - __main__ - INFO - Token value: 
2024-03-17 05:29:24,503 - __main__ - INFO - Token value: 
2024-03-18 05:29:09,464 - __main__ - INFO - Token value: 
2024-03-19 05:29:17,889 - __main__ - INFO - Token value: 
2024-03-20 05:30:20,199 - __main__ - INFO - Token value: 
2024-03-21 05:28:30,561 - __main__ - INFO - Token value: 
2024-03-22 05:31:12,925 - __main__ - INFO - Token value: 
2024-03-23 05:29:28,909 - __main__ - INFO - Token value: 
2024-03-24 05:28:22,649 - __main__ - INFO - Token value: 
2024-03-25 05:29:50,880 - __main__ - INFO - Token value: 
2024-03-26 05:28:11,275 - __main__ - INFO - Token value: 
2024-03-27 05:29:24,847 - __main__ - INFO - Token value: 
2024-03-28 05:30:46,353 - __main__ - INFO - Token value: 
2024-03-29 05:28:41,240 - __main__ - INFO - Token value: 
2024-03-30 05:30:56,408 - __main__ - INFO - Token value: 
2024-03-31 05:28:21,976 - __main__ - INFO - Token value: 
2024-04-01 05:30:29,642 - __main__ - INFO - Token value: 
2024-04-02 05:28:11,540 - __main__ - INFO - Token value: 
2024-04-03 05:29:36,351 - __main__ - INFO - Token value: 
2024-04-04 05:30:14,257 - __main__ - INFO - Token value: 
2024-04-05 05:28:48,847 - __main__ - INFO - Token value: 
2024-04-06 05:28:21,759 - __main__ - INFO - Token value: 
2024-04-07 05:29:29,537 - __main__ - INFO - Token value: 
2024-04-08 05:29:56,081 - __main__ - INFO - Token value: 
2024-04-09 05:28:44,655 - __main__ - INFO - Token value: 
2024-04-10 05:29:23,620 - __main__ - INFO - Token value: 
2024-04-11 05:29:46,555 - __main__ - INFO - Token value: 
2024-04-12 05:31:31,995 - __main__ - INFO - Token value: 
2024-04-13 05:28:49,180 - __main__ - INFO - Token value: 
2024-04-14 06:19:29,266 - __main__ - INFO - Token value: 
2024-04-15 05:28:34,473 - __main__ - INFO - Token value: 
2024-04-16 05:29:26,968 - __main__ - INFO - Token value: 
2024-04-17 05:28:56,108 - __main__ - INFO - Token value: 
2024-04-18 05:29:36,320 - __main__ - INFO - Token value: 
2024-04-19 05:28:55,344 - __main__ - INFO - Token value: 
2024-04-20 05:28:33,384 - __main__ - INFO - Token value: 
2024-04-21 05:30:01,259 - __main__ - INFO - Token value: 
2024-04-22 05:29:38,876 - __main__ - INFO - Token value: 
2024-04-23 05:28:31,304 - __main__ - INFO - Token value: 
2024-04-24 05:29:51,914 - __main__ - INFO - Token value: 
2024-04-25 05:29:16,831 - __main__ - INFO - Token value: 
2024-04-26 05:28:55,316 - __main__ - INFO - Token value: 
2024-04-27 05:28:24,055 - __main__ - INFO - Token value: 
2024-04-28 05:29:04,817 - __main__ - INFO - Token value: 
2024-04-29 05:32:36,606 - __main__ - INFO - Token value: 
2024-04-30 05:28:56,475 - __main__ - INFO - Token value: 
2024-05-01 05:29:04,479 - __main__ - INFO - Token value: 
2024-05-02 05:30:52,509 - __main__ - INFO - Token value: 
2024-05-03 05:29:53,346 - __main__ - INFO - Token value: 
2024-05-04 05:29:39,891 - __main__ - INFO - Token value: 
2024-05-05 05:28:36,196 - __main__ - INFO - Token value: 
2024-05-06 05:30:38,823 - __main__ - INFO - Token value: 
2024-05-07 05:30:56,224 - __main__ - INFO - Token value: 
2024-05-08 05:28:23,892 - __main__ - INFO - Token value: 
2024-05-09 05:30:38,322 - __main__ - INFO - Token value: 
2024-05-10 05:29:16,375 - __main__ - INFO - Token value: 
2024-05-11 05:29:05,514 - __main__ - INFO - Token value: 
2024-05-12 05:29:42,724 - __main__ - INFO - Token value: 
2024-05-13 05:32:04,154 - __main__ - INFO - Token value: 
2024-05-14 05:30:24,531 - __main__ - INFO - Token value: 
2024-05-15 05:30:13,238 - __main__ - INFO - Token value: 
2024-05-16 05:28:27,751 - __main__ - INFO - Token value: 
2024-05-17 05:34:07,143 - __main__ - INFO - Token value: 
2024-05-18 05:29:17,827 - __main__ - INFO - Token value: 
2024-05-19 05:29:48,539 - __main__ - INFO - Token value: 
2024-05-20 05:31:18,648 - __main__ - INFO - Token value: 
2024-05-21 05:30:34,557 - __main__ - INFO - Token value: 
2024-05-22 05:32:09,957 - __main__ - INFO - Token value: 
2024-05-23 05:31:44,979 - __main__ - INFO - Token value: 
2024-05-24 05:30:10,438 - __main__ - INFO - Token value: 
2024-05-25 05:29:28,436 - __main__ - INFO - Token value: 
2024-05-26 05:29:14,250 - __main__ - INFO - Token value: 
2024-05-27 05:30:13,703 - __main__ - INFO - Token value: 
2024-05-28 05:30:07,728 - __main__ - INFO - Token value: 
2024-05-29 05:31:08,247 - __main__ - INFO - Token value: 
2024-05-30 05:30:11,392 - __main__ - INFO - Token value: 
2024-05-31 05:32:25,997 - __main__ - INFO - Token value: 
2024-06-01 05:31:48,704 - __main__ - INFO - Token value: 
2024-06-02 05:29:34,770 - __main__ - INFO - Token value: 
2024-06-03 05:31:40,209 - __main__ - INFO - Token value: 
2024-06-04 05:34:36,993 - __main__ - INFO - Token value: 
2024-06-05 05:31:16,073 - __main__ - INFO - Token value: 
2024-06-06 05:31:20,166 - __main__ - INFO - Token value: 
2024-06-07 05:31:24,796 - __main__ - INFO - Token value: 
2024-06-08 05:30:08,014 - __main__ - INFO - Token value: 
2024-06-09 05:30:11,770 - __main__ - INFO - Token value: 
2024-06-10 05:31:11,807 - __main__ - INFO - Token value: 
2024-06-11 05:31:31,714 - __main__ - INFO - Token value: 
2024-06-12 05:31:01,465 - __main__ - INFO - Token value: 
2024-06-13 05:31:30,319 - __main__ - INFO - Token value: 
2024-06-14 05:30:43,965 - __main__ - INFO - Token value: 
2024-06-15 05:30:51,257 - __main__ - INFO - Token value: 
2024-06-16 05:31:55,977 - __main__ - INFO - Token value: 
2024-06-17 05:35:00,217 - __main__ - INFO - Token value: 
2024-06-18 05:31:42,299 - __main__ - INFO - Token value: 
2024-06-19 05:34:21,753 - __main__ - INFO - Token value: 
2024-06-20 05:30:09,952 - __main__ - INFO - Token value: 
2024-06-21 05:31:26,963 - __main__ - INFO - Token value: 
2024-06-22 05:30:57,433 - __main__ - INFO - Token value: 
2024-06-23 05:29:36,528 - __main__ - INFO - Token value: 
2024-06-24 05:30:43,371 - __main__ - INFO - Token value: 
2024-06-25 05:30:49,059 - __main__ - INFO - Token value: 
2024-06-26 05:30:43,084 - __main__ - INFO - Token value: 
2024-06-27 05:33:40,482 - __main__ - INFO - Token value: 
2024-06-28 05:30:29,153 - __main__ - INFO - Token value: 
2024-06-29 05:34:42,618 - __main__ - INFO - Token value: 
2024-06-30 05:30:13,778 - __main__ - INFO - Token value: 
2024-07-01 05:31:11,389 - __main__ - INFO - Token value: 
2024-07-02 05:31:19,632 - __main__ - INFO - Token value: 
2024-07-03 05:31:20,501 - __main__ - INFO - Token value: 
2024-07-04 05:31:37,233 - __main__ - INFO - Token value: 
2024-07-05 05:30:36,932 - __main__ - INFO - Token value: 
2024-07-06 05:30:03,444 - __main__ - INFO - Token value: 
2024-07-07 05:32:24,468 - __main__ - INFO - Token value: 
2024-07-08 05:32:36,179 - __main__ - INFO - Token value: 
2024-07-09 05:31:41,490 - __main__ - INFO - Token value: 
2024-07-10 05:31:18,747 - __main__ - INFO - Token value: 
2024-07-11 05:32:00,999 - __main__ - INFO - Token value: 
2024-07-12 05:30:28,864 - __main__ - INFO - Token value: 
2024-07-13 05:30:45,246 - __main__ - INFO - Token value: 
2024-07-14 05:33:49,492 - __main__ - INFO - Token value: 
2024-07-15 05:31:07,975 - __main__ - INFO - Token value: 
2024-07-16 05:30:37,326 - __main__ - INFO - Token value: 
2024-07-17 05:31:24,162 - __main__ - INFO - Token value: 
2024-07-18 05:31:09,237 - __main__ - INFO - Token value: 
2024-07-19 05:32:09,493 - __main__ - INFO - Token value: 
2024-07-20 05:31:38,293 - __main__ - INFO - Token value: 
2024-07-21 05:31:15,323 - __main__ - INFO - Token value: 
2024-07-22 05:33:22,950 - __main__ - INFO - Token value: 
2024-07-23 05:32:08,681 - __main__ - INFO - Token value: 
2024-07-24 05:31:56,593 - __main__ - INFO - Token value: 
2024-07-25 05:31:33,170 - __main__ - INFO - Token value: 
2024-07-26 05:32:52,659 - __main__ - INFO - Token value: 
2024-07-27 05:30:48,468 - __main__ - INFO - Token value: 
2024-07-28 05:31:27,978 - __main__ - INFO - Token value: 
2024-07-29 05:32:16,005 - __main__ - INFO - Token value: 
2024-07-30 05:32:30,885 - __main__ - INFO - Token value: 
2024-07-31 05:29:10,258 - __main__ - INFO - Token value: 
2024-08-01 05:31:23,849 - __main__ - INFO - Token value: 
2024-08-02 05:32:07,616 - __main__ - INFO - Token value: 
2024-08-03 05:30:03,711 - __main__ - INFO - Token value: 
2024-08-04 05:29:58,644 - __main__ - INFO - Token value: 
2024-08-05 05:33:11,470 - __main__ - INFO - Token value: 
2024-08-06 05:31:23,998 - __main__ - INFO - Token value: 
2024-08-07 05:31:19,445 - __main__ - INFO - Token value: 
2024-08-08 05:32:07,969 - __main__ - INFO - Token value: 
2024-08-09 05:32:26,955 - __main__ - INFO - Token value: 
2024-08-10 05:30:45,930 - __main__ - INFO - Token value: 
2024-08-11 05:30:24,574 - __main__ - INFO - Token value: 
2024-08-12 05:33:09,582 - __main__ - INFO - Token value: 
2024-08-13 05:32:19,337 - __main__ - INFO - Token value: 
2024-08-14 05:31:58,814 - __main__ - INFO - Token value: 
2024-08-15 05:31:53,508 - __main__ - INFO - Token value: 
2024-08-16 05:31:26,817 - __main__ - INFO - Token value: 
2024-08-17 05:31:40,719 - __main__ - INFO - Token value: 
2024-08-18 05:31:19,171 - __main__ - INFO - Token value: 
2024-08-19 05:31:33,252 - __main__ - INFO - Token value: 
2024-08-20 05:32:02,608 - __main__ - INFO - Token value: 
2024-08-21 05:31:30,562 - __main__ - INFO - Token value: 
2024-08-22 05:31:41,478 - __main__ - INFO - Token value: 
2024-08-23 05:31:56,162 - __main__ - INFO - Token value: 
2024-08-24 05:32:28,130 - __main__ - INFO - Token value: 
2024-08-25 05:33:12,917 - __main__ - INFO - Token value: 
2024-08-26 05:32:49,082 - __main__ - INFO - Token value: 
2024-08-27 05:32:07,044 - __main__ - INFO - Token value: 
2024-08-28 05:32:58,029 - __main__ - INFO - Token value: 
2024-08-29 05:33:08,940 - __main__ - INFO - Token value: 
2024-08-30 05:33:20,042 - __main__ - INFO - Token value: 
2024-08-31 05:31:43,563 - __main__ - INFO - Token value: 
2024-09-01 05:33:01,531 - __main__ - INFO - Token value: 
2024-09-02 05:33:32,022 - __main__ - INFO - Token value: 
2024-09-03 05:33:51,028 - __main__ - INFO - Token value: 
2024-09-04 05:34:39,065 - __main__ - INFO - Token value: 
2024-09-05 05:33:34,688 - __main__ - INFO - Token value: 
2024-09-06 05:35:32,082 - __main__ - INFO - Token value: 
2024-09-07 05:32:07,248 - __main__ - INFO - Token value: 
2024-09-08 05:32:53,684 - __main__ - INFO - Token value: 
2024-09-09 05:34:27,347 - __main__ - INFO - Token value: 
2024-09-10 05:33:53,500 - __main__ - INFO - Token value: 
2024-09-11 05:35:04,342 - __main__ - INFO - Token value: 
2024-09-12 05:34:01,467 - __main__ - INFO - Token value: 
2024-09-13 05:33:44,075 - __main__ - INFO - Token value: 
2024-09-14 05:33:45,549 - __main__ - INFO - Token value: 
2024-09-15 05:33:02,221 - __main__ - INFO - Token value: 
2024-09-16 05:37:11,572 - __main__ - INFO - Token value: 
2024-09-17 05:32:45,180 - __main__ - INFO - Token value: 
2024-09-18 05:34:23,828 - __main__ - INFO - Token value: 
2024-09-19 05:34:28,780 - __main__ - INFO - Token value: 
2024-09-20 05:34:45,061 - __main__ - INFO - Token value: 
2024-09-21 05:34:35,794 - __main__ - INFO - Token value: 
2024-09-22 05:33:13,426 - __main__ - INFO - Token value: 
2024-09-23 05:35:46,769 - __main__ - INFO - Token value: 
2024-09-24 05:35:43,317 - __main__ - INFO - Token value: 
2024-09-25 05:35:53,811 - __main__ - INFO - Token value: 
2024-09-26 05:35:51,080 - __main__ - INFO - Token value: 
2024-09-27 05:36:10,517 - __main__ - INFO - Token value: 
2024-09-28 05:33:51,615 - __main__ - INFO - Token value: 
2024-09-29 05:33:14,345 - __main__ - INFO - Token value: 
2024-09-30 05:35:58,172 - __main__ - INFO - Token value: 
2024-10-01 05:35:41,897 - __main__ - INFO - Token value: 
2024-10-02 05:35:35,709 - __main__ - INFO - Token value: 
2024-10-03 05:35:54,400 - __main__ - INFO - Token value: 
2024-10-04 05:36:01,605 - __main__ - INFO - Token value: 
2024-10-05 05:34:21,155 - __main__ - INFO - Token value: 
2024-10-06 05:32:56,718 - __main__ - INFO - Token value: 
2024-10-07 05:37:03,567 - __main__ - INFO - Token value: 
2024-10-08 05:34:56,618 - __main__ - INFO - Token value: 
2024-10-09 05:37:03,035 - __main__ - INFO - Token value: 
2024-10-10 05:35:50,539 - __main__ - INFO - Token value: 
2024-10-11 05:35:24,918 - __main__ - INFO - Token value: 
2024-10-12 05:34:04,034 - __main__ - INFO - Token value: 
2024-10-13 05:34:37,819 - __main__ - INFO - Token value: 
2024-10-14 05:36:07,637 - __main__ - INFO - Token value: 
2024-10-15 05:36:26,786 - __main__ - INFO - Token value: 
2024-10-16 05:36:25,132 - __main__ - INFO - Token value: 
2024-10-17 05:36:23,037 - __main__ - INFO - Token value: 
2024-10-18 05:36:02,894 - __main__ - INFO - Token value: 
2024-10-19 05:34:08,127 - __main__ - INFO - Token value: 
2024-10-20 05:33:41,573 - __main__ - INFO - Token value: 
2024-10-21 05:36:06,179 - __main__ - INFO - Token value: 
2024-10-22 05:35:31,891 - __main__ - INFO - Token value: 
2024-10-23 05:36:05,163 - __main__ - INFO - Token value: 
2024-10-24 05:35:49,395 - __main__ - INFO - Token value: 
2024-10-25 05:37:25,487 - __main__ - INFO - Token value: 
2024-10-26 05:33:53,674 - __main__ - INFO - Token value: 
2024-10-27 05:33:49,211 - __main__ - INFO - Token value: 
2024-10-28 05:36:38,942 - __main__ - INFO - Token value: 
2024-10-29 05:36:25,793 - __main__ - INFO - Token value: 
2024-10-30 05:36:43,712 - __main__ - INFO - Token value: 
2024-10-31 05:36:27,521 - __main__ - INFO - Token value: 
2024-11-01 05:35:24,307 - __main__ - INFO - Token value: 
2024-11-02 05:34:22,345 - __main__ - INFO - Token value: 
2024-11-03 05:33:13,905 - __main__ - INFO - Token value: 
2024-11-04 05:36:17,405 - __main__ - INFO - Token value: 
2024-11-05 05:34:45,990 - __main__ - INFO - Token value: 
2024-11-06 05:34:42,119 - __main__ - INFO - Token value: 
2024-11-07 05:34:03,785 - __main__ - INFO - Token value: 
2024-11-08 05:35:00,774 - __main__ - INFO - Token value: 
2024-11-09 05:32:22,099 - __main__ - INFO - Token value: 
2024-11-10 05:31:46,922 - __main__ - INFO - Token value: 
2024-11-11 05:35:43,714 - __main__ - INFO - Token value: 
2024-11-12 05:34:40,119 - __main__ - INFO - Token value: 
2024-11-13 05:35:31,238 - __main__ - INFO - Token value: 
2024-11-14 05:35:48,689 - __main__ - INFO - Token value: 
2024-11-15 05:36:03,617 - __main__ - INFO - Token value: 
2024-11-16 05:35:39,928 - __main__ - INFO - Token value: 
2024-11-17 05:35:58,507 - __main__ - INFO - Token value: 
2024-11-18 05:37:23,401 - __main__ - INFO - Token value: 
2024-11-19 05:36:00,701 - __main__ - INFO - Token value: 
2024-11-20 05:36:38,904 - __main__ - INFO - Token value: 
2024-11-21 05:36:32,222 - __main__ - INFO - Token value: 
2024-11-22 05:36:44,381 - __main__ - INFO - Token value: 
2024-11-23 05:35:14,869 - __main__ - INFO - Token value: 
2024-11-24 05:34:46,409 - __main__ - INFO - Token value: 
2024-11-25 05:37:20,716 - __main__ - INFO - Token value: 
2024-11-26 05:36:36,112 - __main__ - INFO - Token value: 
2024-11-27 05:37:29,323 - __main__ - INFO - Token value: 
2024-11-28 05:37:59,268 - __main__ - INFO - Token value: 
2024-11-29 05:37:48,966 - __main__ - INFO - Token value: 
2024-11-30 05:34:58,735 - __main__ - INFO - Token value: 
2024-12-01 05:36:07,126 - __main__ - INFO - Token value: 
2024-12-02 05:38:29,869 - __main__ - INFO - Token value: 
2024-12-03 05:37:55,156 - __main__ - INFO - Token value: 
2024-12-04 05:37:24,815 - __main__ - INFO - Token value: 
2024-12-05 05:37:48,734 - __main__ - INFO - Token value: 
2024-12-06 05:37:35,177 - __main__ - INFO - Token value: 
2024-12-07 05:36:08,701 - __main__ - INFO - Token value: 
2024-12-08 05:35:49,767 - __main__ - INFO - Token value: 
2024-12-09 05:38:22,472 - __main__ - INFO - Token value: 
2024-12-10 05:38:03,495 - __main__ - INFO - Token value: 
2024-12-11 05:37:45,165 - __main__ - INFO - Token value: 
2024-12-12 05:37:49,731 - __main__ - INFO - Token value: 
2024-12-13 05:37:40,041 - __main__ - INFO - Token value: 
2024-12-14 05:35:05,398 - __main__ - INFO - Token value: 
2024-12-15 05:35:34,163 - __main__ - INFO - Token value: 
2024-12-16 05:38:33,074 - __main__ - INFO - Token value: 
2024-12-17 05:37:33,522 - __main__ - INFO - Token value: 
2024-12-18 05:35:32,992 - __main__ - INFO - Token value: 
2024-12-19 05:36:08,832 - __main__ - INFO - Token value: 
2024-12-20 05:34:28,617 - __main__ - INFO - Token value: 
2024-12-21 05:32:19,441 - __main__ - INFO - Token value: 
2024-12-22 05:31:38,366 - __main__ - INFO - Token value: 
2024-12-23 05:34:53,346 - __main__ - INFO - Token value: 
2024-12-24 05:34:13,593 - __main__ - INFO - Token value: 
2024-12-25 05:34:28,053 - __main__ - INFO - Token value: 
2024-12-26 05:34:32,729 - __main__ - INFO - Token value: 
2024-12-27 05:34:00,610 - __main__ - INFO - Token value: 
2024-12-28 05:33:01,878 - __main__ - INFO - Token value: 
2024-12-29 05:32:24,105 - __main__ - INFO - Token value: 
2024-12-30 05:34:52,627 - __main__ - INFO - Token value: 
2024-12-31 05:33:52,707 - __main__ - INFO - Token value: 
2025-01-01 05:34:20,191 - __main__ - INFO - Token value: 
2025-01-02 05:34:16,829 - __main__ - INFO - Token value: 
2025-01-03 05:34:01,022 - __main__ - INFO - Token value: 
2025-01-04 05:32:36,270 - __main__ - INFO - Token value: 
2025-01-05 05:32:06,678 - __main__ - INFO - Token value: 
2025-01-06 05:34:51,065 - __main__ - INFO - Token value: 
2025-01-07 05:33:53,851 - __main__ - INFO - Token value: 
2025-01-08 05:34:29,752 - __main__ - INFO - Token value: 
2025-01-09 05:32:42,553 - __main__ - INFO - Token value: 
2025-01-10 05:34:40,833 - __main__ - INFO - Token value: 
2025-01-11 05:32:48,236 - __main__ - INFO - Token value: 
2025-01-12 05:32:36,408 - __main__ - INFO - Token value: 
2025-01-13 05:35:38,909 - __main__ - INFO - Token value: 
2025-01-14 05:32:11,831 - __main__ - INFO - Token value: 
2025-01-15 05:34:20,535 - __main__ - INFO - Token value: 
2025-01-16 05:32:47,106 - __main__ - INFO - Token value: 
2025-01-17 05:32:18,641 - __main__ - INFO - Token value: 
2025-01-18 05:30:52,398 - __main__ - INFO - Token value: 
2025-01-19 05:31:17,125 - __main__ - INFO - Token value: 
2025-01-20 05:33:29,059 - __main__ - INFO - Token value: 
2025-01-21 05:33:09,217 - __main__ - INFO - Token value: 
2025-01-22 05:34:17,389 - __main__ - INFO - Token value: 
2025-01-23 05:33:20,650 - __main__ - INFO - Token value: 
2025-01-24 05:33:07,628 - __main__ - INFO - Token value: 
2025-01-25 05:31:19,402 - __main__ - INFO - Token value: 
2025-01-26 05:32:30,137 - __main__ - INFO - Token value: 
2025-01-27 05:33:17,077 - __main__ - INFO - Token value: 
2025-01-28 05:32:38,252 - __main__ - INFO - Token value: 
2025-01-29 05:33:09,862 - __main__ - INFO - Token value: 
2025-01-30 05:34:27,883 - __main__ - INFO - Token value: 
2025-01-31 05:33:14,938 - __main__ - INFO - Token value: 
2025-02-01 05:31:15,744 - __main__ - INFO - Token value: 
2025-02-02 05:31:55,389 - __main__ - INFO - Token value: 
2025-02-03 05:33:03,759 - __main__ - INFO - Token value: 
2025-02-04 05:33:38,818 - __main__ - INFO - Token value: 
2025-02-05 05:35:19,339 - __main__ - INFO - Token value: 
2025-02-06 05:36:30,270 - __main__ - INFO - Token value: 
2025-02-07 05:34:05,226 - __main__ - INFO - Token value: 
2025-02-08 05:31:24,722 - __main__ - INFO - Token value: 
2025-02-09 05:32:03,448 - __main__ - INFO - Token value: 
2025-02-10 05:34:51,293 - __main__ - INFO - Token value: 
2025-02-11 05:34:30,385 - __main__ - INFO - Token value: 
2025-02-12 05:33:54,929 - __main__ - INFO - Token value: 
2025-02-13 05:33:45,327 - __main__ - INFO - Token value: 
2025-02-14 05:33:37,502 - __main__ - INFO - Token value: 
2025-02-15 05:32:31,158 - __main__ - INFO - Token value: 
2025-02-16 05:32:24,203 - __main__ - INFO - Token value: 
2025-02-17 05:36:02,161 - __main__ - INFO - Token value: 
2025-02-18 05:35:20,885 - __main__ - INFO - Token value: 
2025-02-19 05:34:11,697 - __main__ - INFO - Token value: 
2025-02-20 05:34:22,194 - __main__ - INFO - Token value: 
2025-02-21 05:33:56,794 - __main__ - INFO - Token value: 
2025-02-22 05:32:21,621 - __main__ - INFO - Token value: 
2025-02-23 05:32:52,610 - __main__ - INFO - Token value: 
2025-02-24 05:34:35,541 - __main__ - INFO - Token value: 
2025-02-25 05:34:53,097 - __main__ - INFO - Token value: 
2025-02-26 05:35:09,615 - __main__ - INFO - Token value: 
2025-02-27 05:36:07,005 - __main__ - INFO - Token value: 
2025-02-28 05:36:23,872 - __main__ - INFO - Token value: 
2025-03-01 05:33:05,427 - __main__ - INFO - Token value: 
2025-03-02 05:34:48,682 - __main__ - INFO - Token value: 
2025-03-03 05:35:52,431 - __main__ - INFO - Token value: 
2025-03-04 05:34:57,028 - __main__ - INFO - Token value: 
2025-03-05 05:36:01,468 - __main__ - INFO - Token value: 
2025-03-06 05:35:35,415 - __main__ - INFO - Token value: 
2025-03-07 05:35:15,742 - __main__ - INFO - Token value: 
2025-03-08 05:28:50,849 - __main__ - INFO - Token value: 
2025-03-09 05:28:09,471 - __main__ - INFO - Token value: 
2025-03-10 05:29:18,867 - __main__ - INFO - Token value: 
2025-03-11 05:35:09,331 - __main__ - INFO - Token value: 
2025-03-12 05:35:46,546 - __main__ - INFO - Token value: 
2025-03-13 05:34:54,128 - __main__ - INFO - Token value: 
2025-03-14 05:35:00,102 - __main__ - INFO - Token value: 
2025-03-15 05:33:31,986 - __main__ - INFO - Token value: 
2025-03-16 05:32:26,827 - __main__ - INFO - Token value: 
2025-03-17 05:35:48,448 - __main__ - INFO - Token value: 
2025-03-18 05:35:58,607 - __main__ - INFO - Token value: 
2025-03-19 05:35:51,421 - __main__ - INFO - Token value: 
2025-03-20 05:35:34,160 - __main__ - INFO - Token value: 
2025-03-21 05:35:33,841 - __main__ - INFO - Token value: 
2025-03-22 05:35:21,505 - __main__ - INFO - Token value: 
2025-03-23 05:33:42,664 - __main__ - INFO - Token value: 
2025-03-24 05:36:25,024 - __main__ - INFO - Token value: 
2025-03-25 05:36:36,088 - __main__ - INFO - Token value: 
2025-03-26 05:36:08,155 - __main__ - INFO - Token value: 
2025-03-27 05:36:02,967 - __main__ - INFO - Token value: 
2025-03-28 05:38:10,679 - __main__ - INFO - Token value: 
2025-03-29 05:34:01,242 - __main__ - INFO - Token value: 
2025-03-30 05:34:05,833 - __main__ - INFO - Token value: 
2025-03-31 05:37:13,278 - __main__ - INFO - Token value: 
2025-04-01 05:37:28,259 - __main__ - INFO - Token value: 
2025-04-02 05:38:27,311 - __main__ - INFO - Token value: 
2025-04-03 05:36:35,973 - __main__ - INFO - Token value: 
2025-04-04 05:37:02,110 - __main__ - INFO - Token value: 
2025-04-05 05:36:03,760 - __main__ - INFO - Token value: 
2025-04-06 05:34:20,492 - __main__ - INFO - Token value: 
2025-04-07 05:37:43,955 - __main__ - INFO - Token value: 
2025-04-08 05:37:17,402 - __main__ - INFO - Token value: 
2025-04-09 05:37:01,428 - __main__ - INFO - Token value: 
2025-04-10 05:37:18,762 - __main__ - INFO - Token value: 
2025-04-11 05:39:24,091 - __main__ - INFO - Token value: 
2025-04-12 05:34:10,312 - __main__ - INFO - Token value: 
2025-04-13 05:39:48,693 - __main__ - INFO - Token value: 
2025-04-14 05:38:17,087 - __main__ - INFO - Token value: 
2025-04-15 05:37:33,866 - __main__ - INFO - Token value: 
2025-04-16 05:37:47,228 - __main__ - INFO - Token value: 
2025-04-17 05:37:52,071 - __main__ - INFO - Token value: 
2025-04-18 05:37:21,736 - __main__ - INFO - Token value: 
2025-04-19 05:36:24,506 - __main__ - INFO - Token value: 
2025-04-20 05:36:17,068 - __main__ - INFO - Token value: 
2025-04-21 05:39:29,856 - __main__ - INFO - Token value: 
2025-04-22 05:37:59,145 - __main__ - INFO - Token value: 
2025-04-23 05:37:58,246 - __main__ - INFO - Token value: 
2025-04-24 05:38:17,147 - __main__ - INFO - Token value: 
2025-04-25 05:37:40,364 - __main__ - INFO - Token value: 
2025-04-26 05:36:54,124 - __main__ - INFO - Token value: 
2025-04-27 05:35:59,995 - __main__ - INFO - Token value: 
2025-04-28 05:47:41,499 - __main__ - INFO - Token value: 
2025-04-29 05:37:58,389 - __main__ - INFO - Token value: 
2025-04-30 05:38:01,100 - __main__ - INFO - Token value: 
2025-05-01 05:38:13,007 - __main__ - INFO - Token value: 
2025-05-02 05:38:14,657 - __main__ - INFO - Token value: 
2025-05-03 05:37:07,746 - __main__ - INFO - Token value: 
2025-05-04 05:36:57,046 - __main__ - INFO - Token value: 
2025-05-05 05:39:23,217 - __main__ - INFO - Token value: 
2025-05-06 05:38:21,544 - __main__ - INFO - Token value: 
2025-05-07 05:38:47,828 - __main__ - INFO - Token value: 
2025-05-08 05:38:55,957 - __main__ - INFO - Token value: 
2025-05-09 05:38:27,248 - __main__ - INFO - Token value: 
2025-05-10 05:35:39,141 - __main__ - INFO - Token value: 
2025-05-11 05:38:04,902 - __main__ - INFO - Token value: 
2025-05-12 05:39:16,480 - __main__ - INFO - Token value: 
2025-05-13 05:38:52,481 - __main__ - INFO - Token value: 
2025-05-14 05:39:12,512 - __main__ - INFO - Token value: 
2025-05-15 05:38:41,780 - __main__ - INFO - Token value: 
2025-05-16 05:38:50,147 - __main__ - INFO - Token value: 
2025-05-17 05:36:30,460 - __main__ - INFO - Token value: 
2025-05-18 05:37:22,324 - __main__ - INFO - Token value: 
2025-05-19 05:38:50,623 - __main__ - INFO - Token value: 
2025-05-20 05:38:41,011 - __main__ - INFO - Token value: 
2025-05-21 05:39:08,496 - __main__ - INFO - Token value: 
2025-05-22 05:38:44,296 - __main__ - INFO - Token value: 
2025-05-23 05:38:53,829 - __main__ - INFO - Token value: 
2025-05-24 05:36:42,296 - __main__ - INFO - Token value: 
2025-05-25 05:36:38,408 - __main__ - INFO - Token value: 
2025-05-26 05:39:49,444 - __main__ - INFO - Token value: 
2025-05-27 05:39:12,046 - __main__ - INFO - Token value: 
2025-05-28 05:39:04,865 - __main__ - INFO - Token value: 
2025-05-29 05:39:46,610 - __main__ - INFO - Token value: 
2025-05-30 05:38:23,115 - __main__ - INFO - Token value: 
2025-05-31 05:37:32,653 - __main__ - INFO - Token value: 
2025-06-01 05:38:19,883 - __main__ - INFO - Token value: 
2025-06-02 05:41:10,559 - __main__ - INFO - Token value: 
2025-06-03 05:39:33,773 - __main__ - INFO - Token value: 
2025-06-04 05:39:44,386 - __main__ - INFO - Token value: 
2025-06-05 05:40:29,414 - __main__ - INFO - Token value: 
2025-06-06 05:41:05,014 - __main__ - INFO - Token value: 
2025-06-07 05:37:28,623 - __main__ - INFO - Token value: 
2025-06-08 05:39:04,836 - __main__ - INFO - Token value: 
2025-06-09 05:40:54,806 - __main__ - INFO - Token value: 
2025-06-10 05:39:35,395 - __main__ - INFO - Token value: 
2025-06-11 05:39:51,733 - __main__ - INFO - Token value: 
2025-06-12 05:39:29,019 - __main__ - INFO - Token value: 
2025-06-13 05:39:16,617 - __main__ - INFO - Token value: 
2025-06-14 05:38:44,463 - __main__ - INFO - Token value: 
2025-06-15 05:39:01,788 - __main__ - INFO - Token value: 
2025-06-16 05:41:04,562 - __main__ - INFO - Token value: 
2025-06-17 05:39:39,854 - __main__ - INFO - Token value: 
2025-06-18 05:39:43,589 - __main__ - INFO - Token value: 
2025-06-19 05:39:21,851 - __main__ - INFO - Token value: 
2025-06-20 05:39:50,134 - __main__ - INFO - Token value: 
2025-06-21 05:38:13,007 - __main__ - INFO - Token value: 
2025-06-22 05:38:40,961 - __main__ - INFO - Token value: 
2025-06-23 05:41:05,777 - __main__ - INFO - Token value: 
2025-06-24 05:40:28,905 - __main__ - INFO - Token value: 
2025-06-25 05:40:42,231 - __main__ - INFO - Token value: 
2025-06-26 05:40:30,761 - __main__ - INFO - Token value: 
2025-06-27 05:41:24,906 - __main__ - INFO - Token value: 
2025-06-28 05:38:57,561 - __main__ - INFO - Token value: 
2025-06-29 05:42:12,450 - __main__ - INFO - Token value: 
2025-06-30 05:41:34,605 - __main__ - INFO - Token value: 
2025-07-01 05:42:15,158 - __main__ - INFO - Token value: 
2025-07-02 05:42:16,712 - __main__ - INFO - Token value: 
2025-07-03 05:42:47,408 - __main__ - INFO - Token value: 
2025-07-04 05:41:57,239 - __main__ - INFO - Token value: 
2025-07-05 05:38:30,070 - __main__ - INFO - Token value: 
2025-07-06 05:38:49,508 - __main__ - INFO - Token value: 
2025-07-07 05:41:59,211 - __main__ - INFO - Token value: 
2025-07-08 05:41:04,886 - __main__ - INFO - Token value: 
2025-07-09 05:43:43,249 - __main__ - INFO - Token value: 
2025-07-10 05:42:19,715 - __main__ - INFO - Token value: 
2025-07-11 05:42:50,767 - __main__ - INFO - Token value: 
2025-07-12 05:40:25,775 - __main__ - INFO - Token value: 
2025-07-13 05:40:55,594 - __main__ - INFO - Token value: 
2025-07-14 05:45:05,081 - __main__ - INFO - Token value: 
2025-07-15 05:44:12,918 - __main__ - INFO - Token value: 
2025-07-16 05:45:31,178 - __main__ - INFO - Token value: 
2025-07-17 05:44:42,031 - __main__ - INFO - Token value: 
2025-07-18 05:46:13,472 - __main__ - INFO - Token value: 
2025-07-19 05:41:43,050 - __main__ - INFO - Token value: 
2025-07-20 05:44:51,051 - __main__ - INFO - Token value: 
2025-07-21 05:46:35,756 - __main__ - INFO - Token value: 
2025-07-22 05:45:13,717 - __main__ - INFO - Token value: 
2025-07-23 05:47:25,912 - __main__ - INFO - Token value: 
2025-07-24 05:45:35,021 - __main__ - INFO - Token value: 
2025-07-25 05:47:45,077 - __main__ - INFO - Token value: 
2025-07-26 05:43:10,989 - __main__ - INFO - Token value: 
2025-07-27 05:44:56,330 - __main__ - INFO - Token value: 
2025-07-28 05:47:44,670 - __main__ - INFO - Token value: 
2025-07-29 05:47:52,366 - __main__ - INFO - Token value: 
2025-07-30 05:48:58,412 - __main__ - INFO - Token value: 
2025-07-31 05:47:12,528 - __main__ - INFO - Token value: 
2025-08-01 05:50:02,143 - __main__ - INFO - Token value: 
2025-08-02 05:45:18,255 - __main__ - INFO - Token value: 
2025-08-03 05:45:44,466 - __main__ - INFO - Token value: 
2025-08-04 05:54:25,433 - __main__ - INFO - Token value: 
2025-08-05 05:48:36,983 - __main__ - INFO - Token value: 
2025-08-06 05:49:52,919 - __main__ - INFO - Token value: 
2025-08-07 05:47:50,824 - __main__ - INFO - Token value: 
2025-08-08 05:47:55,616 - __main__ - INFO - Token value: 
2025-08-09 05:39:42,866 - __main__ - INFO - Token value: 
2025-08-10 05:42:45,015 - __main__ - INFO - Token value: 
2025-08-11 05:47:04,090 - __main__ - INFO - Token value: 
2025-08-12 05:39:36,104 - __main__ - INFO - Token value: 
2025-08-13 05:40:51,096 - __main__ - INFO - Token value: 
2025-08-14 05:40:33,161 - __main__ - INFO - Token value: 
2025-08-15 05:40:36,718 - __main__ - INFO - Token value: 
2025-08-16 05:38:06,250 - __main__ - INFO - Token value: 
2025-08-17 05:38:57,756 - __main__ - INFO - Token value: 
2025-08-18 05:42:57,323 - __main__ - INFO - Token value: 
2025-08-19 05:37:57,403 - __main__ - INFO - Token value: 
2025-08-20 05:38:11,176 - __main__ - INFO - Token value: 
2025-08-21 05:38:26,935 - __main__ - INFO - Token value: 
2025-08-22 05:37:38,632 - __main__ - INFO - Token value: 
2025-08-23 05:34:53,825 - __main__ - INFO - Token value: 
2025-08-24 05:36:51,447 - __main__ - INFO - Token value: 
2025-08-25 05:39:36,914 - __main__ - INFO - Token value: 
2025-08-26 05:38:38,123 - __main__ - INFO - Token value: 
2025-08-27 05:35:49,095 - __main__ - INFO - Token value: 
2025-08-28 05:36:42,068 - __main__ - INFO - Token value: 
2025-08-29 05:35:49,542 - __main__ - INFO - Token value: 
2025-08-30 05:33:21,523 - __main__ - INFO - Token value: 
2025-08-31 05:33:41,804 - __main__ - INFO - Token value: 
2025-09-01 05:37:49,240 - __main__ - INFO - Token value: 
2025-09-02 05:37:34,756 - __main__ - INFO - Token value: 
2025-09-03 05:34:12,278 - __main__ - INFO - Token value: 
2025-09-04 05:34:12,247 - __main__ - INFO - Token value: 
2025-09-05 05:34:16,653 - __main__ - INFO - Token value: 
2025-09-06 05:32:45,410 - __main__ - INFO - Token value: 
2025-09-07 05:32:03,782 - __main__ - INFO - Token value: 
2025-09-08 05:35:31,768 - __main__ - INFO - Token value: 
2025-09-09 05:34:35,673 - __main__ - INFO - Token value: 
2025-09-10 05:34:28,086 - __main__ - INFO - Token value: 
2025-09-11 05:34:55,080 - __main__ - INFO - Token value: 
2025-09-12 05:34:14,059 - __main__ - INFO - Token value: 
2025-09-13 05:31:51,593 - __main__ - INFO - Token value: 
2025-09-14 05:31:54,084 - __main__ - INFO - Token value: 
2025-09-15 05:36:10,005 - __main__ - INFO - Token value: 
2025-09-16 05:34:34,123 - __main__ - INFO - Token value: 
2025-09-17 05:35:00,324 - __main__ - INFO - Token value: 
2025-09-18 05:34:13,870 - __main__ - INFO - Token value: 
2025-09-19 05:34:07,331 - __main__ - INFO - Token value: 
2025-09-20 05:34:01,594 - __main__ - INFO - Token value: 
2025-09-21 05:34:11,619 - __main__ - INFO - Token value: 
2025-09-22 05:36:05,530 - __main__ - INFO - Token value: 
2025-09-23 05:35:50,088 - __main__ - INFO - Token value: 
2025-09-24 05:34:41,960 - __main__ - INFO - Token value: 
2025-09-25 05:35:54,545 - __main__ - INFO - Token value: 
2025-09-26 05:35:26,745 - __main__ - INFO - Token value: 
2025-09-27 05:32:25,503 - __main__ - INFO - Token value: 
2025-09-28 05:33:00,791 - __main__ - INFO - Token value: 
2025-09-29 05:36:54,003 - __main__ - INFO - Token value: 
2025-09-30 05:36:12,300 - __main__ - INFO - Token value: 
2025-10-01 05:36:46,060 - __main__ - INFO - Token value: 
2025-10-02 05:33:27,719 - __main__ - INFO - Token value: 
2025-10-03 05:34:53,942 - __main__ - INFO - Token value: 
2025-10-04 05:33:00,115 - __main__ - INFO - Token value: 
2025-10-05 05:31:55,195 - __main__ - INFO - Token value: 
2025-10-06 05:35:13,363 - __main__ - INFO - Token value: 
2025-10-07 05:34:33,501 - __main__ - INFO - Token value: 
2025-10-08 05:35:46,157 - __main__ - INFO - Token value: 
2025-10-09 05:35:34,852 - __main__ - INFO - Token value: 
2025-10-10 05:35:41,672 - __main__ - INFO - Token value: 
2025-10-11 05:32:58,317 - __main__ - INFO - Token value: 
2025-10-12 05:32:36,351 - __main__ - INFO - Token value: 
2025-10-13 05:37:17,052 - __main__ - INFO - Token value: 
2025-10-14 05:34:44,100 - __main__ - INFO - Token value: 
2025-10-15 05:35:55,663 - __main__ - INFO - Token value: 
2025-10-16 05:35:13,017 - __main__ - INFO - Token value: 
2025-10-17 05:35:53,592 - __main__ - INFO - Token value: 
2025-10-18 05:34:06,545 - __main__ - INFO - Token value: 
2025-10-19 05:35:19,457 - __main__ - INFO - Token value: 
2025-10-20 05:36:57,350 - __main__ - INFO - Token value: 
2025-10-21 05:36:39,838 - __main__ - INFO - Token value: 
2025-10-22 05:37:17,772 - __main__ - INFO - Token value: 
2025-10-23 05:36:43,665 - __main__ - INFO - Token value: 
2025-10-24 05:36:29,932 - __main__ - INFO - Token value: 
2025-10-25 05:34:46,788 - __main__ - INFO - Token value: 
2025-10-26 05:35:17,834 - __main__ - INFO - Token value: 
2025-10-27 05:39:06,810 - __main__ - INFO - Token value: 
2025-10-28 05:39:00,354 - __main__ - INFO - Token value: 
2025-10-29 05:38:47,552 - __main__ - INFO - Token value: 
2025-10-30 05:37:02,825 - __main__ - INFO - Token value: 
2025-10-31 05:37:40,012 - __main__ - INFO - Token value: 
2025-11-01 05:35:28,298 - __main__ - INFO - Token value: 
2025-11-02 05:35:53,151 - __main__ - INFO - Token value: 
2025-11-03 05:38:22,195 - __main__ - INFO - Token value: 
2025-11-04 05:38:32,495 - __main__ - INFO - Token value: 
2025-11-05 05:38:31,517 - __main__ - INFO - Token value: 
2025-11-06 05:38:21,262 - __main__ - INFO - Token value: 
2025-11-07 05:38:37,378 - __main__ - INFO - Token value: 
2025-11-08 05:34:35,097 - __main__ - INFO - Token value: 
2025-11-09 05:35:26,310 - __main__ - INFO - Token value: 
2025-11-10 05:37:58,316 - __main__ - INFO - Token value: 
2025-11-11 05:38:28,314 - __main__ - INFO - Token value: 
2025-11-12 05:38:37,563 - __main__ - INFO - Token value: 
2025-11-13 05:38:47,943 - __main__ - INFO - Token value: 
2025-11-14 05:38:07,422 - __main__ - INFO - Token value: 
2025-11-15 05:36:10,388 - __main__ - INFO - Token value: 
2025-11-16 05:36:58,131 - __main__ - INFO - Token value: 
2025-11-17 05:39:07,628 - __main__ - INFO - Token value: 
2025-11-18 05:38:03,788 - __main__ - INFO - Token value: 
2025-11-19 05:38:46,778 - __main__ - INFO - Token value: 
2025-11-20 05:38:41,580 - __main__ - INFO - Token value: 
2025-11-21 05:38:55,522 - __main__ - INFO - Token value: 
2025-11-22 05:35:39,068 - __main__ - INFO - Token value: 
2025-11-23 05:36:51,502 - __main__ - INFO - Token value: 
2025-11-24 05:40:18,424 - __main__ - INFO - Token value: 
2025-11-25 05:39:28,153 - __main__ - INFO - Token value: 
2025-11-26 05:38:40,646 - __main__ - INFO - Token value: 
2025-11-27 05:39:29,774 - __main__ - INFO - Token value: 
2025-11-28 05:39:15,138 - __main__ - INFO - Token value: 
2025-11-29 05:37:45,794 - __main__ - INFO - Token value: 
2025-11-30 05:38:25,077 - __main__ - INFO - Token value: 
2025-12-01 05:45:14,258 - __main__ - INFO - Token value: 
2025-12-02 05:39:15,989 - __main__ - INFO - Token value: 
2025-12-03 05:38:53,617 - __main__ - INFO - Token value: 
2025-12-04 05:39:45,997 - __main__ - INFO - Token value: 
2025-12-05 05:39:52,165 - __main__ - INFO - Token value: 
2025-12-06 05:37:30,735 - __main__ - INFO - Token value: 
2025-12-07 05:36:07,003 - __main__ - INFO - Token value: 
2025-12-08 05:41:35,244 - __main__ - INFO - Token value: 
2025-12-09 05:39:47,453 - __main__ - INFO - Token value: 
2025-12-10 05:40:36,237 - __main__ - INFO - Token value: 
2025-12-11 05:42:14,557 - __main__ - INFO - Token value: 
2025-12-12 05:41:35,346 - __main__ - INFO - Token value: 
2025-12-13 05:39:37,525 - __main__ - INFO - Token value: 
2025-12-14 05:39:02,539 - __main__ - INFO - Token value: 
2025-12-15 05:44:35,634 - __main__ - INFO - Token value: 
2025-12-16 05:42:03,610 - __main__ - INFO - Token value: 
2025-12-17 05:41:46,853 - __main__ - INFO - Token value: 
2025-12-18 05:42:04,726 - __main__ - INFO - Token value: 
2025-12-19 05:41:09,970 - __main__ - INFO - Token value: 
2025-12-20 05:39:13,684 - __main__ - INFO - Token value: 
2025-12-21 05:39:20,136 - __main__ - INFO - Token value: 
2025-12-22 05:42:56,068 - __main__ - INFO - Token value: 
2025-12-23 05:43:18,628 - __main__ - INFO - Token value: 
2025-12-24 05:43:25,353 - __main__ - INFO - Token value: 
2025-12-25 05:43:09,271 - __main__ - INFO - Token value: 
2025-12-26 05:41:15,403 - __main__ - INFO - Token value: 
2025-12-27 05:41:04,695 - __main__ - INFO - Token value: 
2025-12-28 05:43:19,896 - __main__ - INFO - Token value: 
2025-12-29 05:46:55,794 - __main__ - INFO - Token value: 
2025-12-30 05:42:20,950 - __main__ - INFO - Token value: 
2025-12-31 05:43:59,438 - __main__ - INFO - Token value: 
2026-01-01 05:45:45,682 - __main__ - INFO - Token value: 
2026-01-02 05:45:08,150 - __main__ - INFO - Token value: 
2026-01-03 05:41:05,298 - __main__ - INFO - Token value: 
2026-01-04 05:44:20,313 - __main__ - INFO - Token value: 
2026-01-05 05:52:35,044 - __main__ - INFO - Token value: 
2026-01-06 05:44:27,634 - __main__ - INFO - Token value: 
2026-01-07 05:44:31,162 - __main__ - INFO - Token value: 
2026-01-08 05:44:27,719 - __main__ - INFO - Token value: 
2026-01-09 05:44:59,498 - __main__ - INFO - Token value: 
2026-01-10 05:40:05,009 - __main__ - INFO - Token value: 
2026-01-11 05:43:38,845 - __main__ - INFO - Token value: 
2026-01-12 05:48:11,513 - __main__ - INFO - Token value: 
2026-01-13 05:44:25,732 - __main__ - INFO - Token value: 
2026-01-14 05:44:11,000 - __main__ - INFO - Token value: 
2026-01-15 05:45:04,931 - __main__ - INFO - Token value: 
2026-01-16 05:44:21,945 - __main__ - INFO - Token value: 
2026-01-17 05:40:01,817 - __main__ - INFO - Token value: 
2026-01-18 05:42:17,088 - __main__ - INFO - Token value: 
2026-01-19 05:50:04,381 - __main__ - INFO - Token value: 
2026-01-20 05:47:59,121 - __main__ - INFO - Token value: 
2026-01-21 05:47:46,449 - __main__ - INFO - Token value: 
2026-01-22 05:48:16,566 - __main__ - INFO - Token value: 
2026-01-23 05:46:58,932 - __main__ - INFO - Token value: 
2026-01-24 05:40:45,525 - __main__ - INFO - Token value: 
2026-01-25 05:46:16,470 - __main__ - INFO - Token value: 
2026-01-26 05:50:23,296 - __main__ - INFO - Token value: 
2026-01-27 05:46:26,063 - __main__ - INFO - Token value: 
2026-01-28 05:47:21,099 - __main__ - INFO - Token value: 
2026-01-29 06:01:57,719 - __main__ - INFO - Token value: 
2026-01-30 06:03:34,264 - __main__ - INFO - Token value: 
2026-01-31 05:56:03,106 - __main__ - INFO - Token value: 
2026-02-01 06:10:08,694 - __main__ - INFO - Token value: 
2026-02-02 06:16:05,894 - __main__ - INFO - Token value: 
2026-02-03 06:07:35,607 - __main__ - INFO - Token value: 
2026-02-04 06:06:02,507 - __main__ - INFO - Token value: 
2026-02-05 06:11:42,932 - __main__ - INFO - Token value: 
2026-02-06 06:09:24,051 - __main__ - INFO - Token value: 
2026-02-07 05:59:46,380 - __main__ - INFO - Token value: 
2026-02-08 06:09:49,168 - __main__ - INFO - Token value: 
2026-02-09 06:38:04,013 - __main__ - INFO - Token value: 
2026-02-10 06:38:08,003 - __main__ - INFO - Token value: 
2026-02-11 06:36:19,252 - __main__ - INFO - Token value: 
2026-02-12 06:35:34,399 - __main__ - INFO - Token value: 
2026-02-13 06:14:59,349 - __main__ - INFO - Token value: 
